Using pre-set license
Built from '2021.2/staging' branch; Version is '2021.2.7f1 (6bd9e232123f) revision 7068130'; Using compiler version '192829333'; Build Type 'Release'
OS: 'Windows 10  (10.0.19043) 64bit Core' Language: 'en' Physical Memory: 32686 MB
BatchMode: 1, IsHumanControllingUs: 0, StartBugReporterOnCrash: 0, Is64bit: 1, IsPro: 0

COMMAND LINE ARGUMENTS:
D:\Unity\Editors\2021.2.7f1\Editor\Unity.exe
-adb2
-batchMode
-noUpm
-name
AssetImportWorker0
-projectPath
D:/Unity/Projects/Milk_Instancer01
-logFile
Logs/AssetImportWorker0.log
-srvPort
53738
Successfully changed project path to: D:/Unity/Projects/Milk_Instancer01
D:/Unity/Projects/Milk_Instancer01
[UnityMemory] Configuration Parameters - Can be set up in boot.config
    "memorysetup-bucket-allocator-granularity=16"
    "memorysetup-bucket-allocator-bucket-count=8"
    "memorysetup-bucket-allocator-block-size=33554432"
    "memorysetup-bucket-allocator-block-count=8"
    "memorysetup-main-allocator-block-size=16777216"
    "memorysetup-thread-allocator-block-size=16777216"
    "memorysetup-gfx-main-allocator-block-size=16777216"
    "memorysetup-gfx-thread-allocator-block-size=16777216"
    "memorysetup-cache-allocator-block-size=4194304"
    "memorysetup-typetree-allocator-block-size=2097152"
    "memorysetup-profiler-bucket-allocator-granularity=16"
    "memorysetup-profiler-bucket-allocator-bucket-count=8"
    "memorysetup-profiler-bucket-allocator-block-size=33554432"
    "memorysetup-profiler-bucket-allocator-block-count=8"
    "memorysetup-profiler-allocator-block-size=16777216"
    "memorysetup-profiler-editor-allocator-block-size=1048576"
    "memorysetup-temp-allocator-size-main=16777216"
    "memorysetup-job-temp-allocator-block-size=2097152"
    "memorysetup-job-temp-allocator-block-size-background=1048576"
    "memorysetup-job-temp-allocator-reduction-small-platforms=262144"
    "memorysetup-temp-allocator-size-background-worker=32768"
    "memorysetup-temp-allocator-size-job-worker=262144"
    "memorysetup-temp-allocator-size-preload-manager=33554432"
    "memorysetup-temp-allocator-size-nav-mesh-worker=65536"
    "memorysetup-temp-allocator-size-audio-worker=65536"
    "memorysetup-temp-allocator-size-cloud-worker=32768"
    "memorysetup-temp-allocator-size-gi-baking-worker=262144"
    "memorysetup-temp-allocator-size-gfx=262144"
Refreshing native plugins compatible for Editor in 143.99 ms, found 3 plugins.
Preloading 0 native plugins for Editor in 0.00 ms.
Initialize engine version: 2021.2.7f1 (6bd9e232123f)
[Subsystems] Discovering subsystems at path D:/Unity/Editors/2021.2.7f1/Editor/Data/Resources/UnitySubsystems
[Subsystems] Discovering subsystems at path D:/Unity/Projects/Milk_Instancer01/Assets
GfxDevice: creating device client; threaded=0; jobified=0
Direct3D:
    Version:  Direct3D 11.0 [level 11.1]
    Renderer: NVIDIA GeForce RTX 2080 SUPER (ID=0x1e81)
    Vendor:   NVIDIA
    VRAM:     8010 MB
    Driver:   30.0.14.9709
Initialize mono
Mono path[0] = 'D:/Unity/Editors/2021.2.7f1/Editor/Data/Managed'
Mono path[1] = 'D:/Unity/Editors/2021.2.7f1/Editor/Data/MonoBleedingEdge/lib/mono/unityjit-win32'
Mono config path = 'D:/Unity/Editors/2021.2.7f1/Editor/Data/MonoBleedingEdge/etc'
Using monoOptions --debugger-agent=transport=dt_socket,embedding=1,server=y,suspend=n,address=127.0.0.1:56448
Begin MonoManager ReloadAssembly
Registering precompiled unity dll's ...
Register platform support module: D:/Unity/Editors/2021.2.7f1/Editor/Data/PlaybackEngines/WindowsStandaloneSupport/UnityEditor.WindowsStandalone.Extensions.dll
Registered in 0.003096 seconds.
Native extension for WindowsStandalone target not found
Refreshing native plugins compatible for Editor in 143.28 ms, found 3 plugins.
Preloading 0 native plugins for Editor in 0.00 ms.
Mono: successfully reloaded assembly
- Completed reload, in  0.639 seconds
Domain Reload Profiling:
	ReloadAssembly (640ms)
		BeginReloadAssembly (64ms)
			ExecutionOrderSort (0ms)
			DisableScriptedObjects (0ms)
			BackupInstance (0ms)
			ReleaseScriptingObjects (0ms)
			CreateAndSetChildDomain (1ms)
		EndReloadAssembly (505ms)
			LoadAssemblies (62ms)
			RebuildTransferFunctionScriptingTraits (0ms)
			SetupTypeCache (99ms)
			ReleaseScriptCaches (0ms)
			RebuildScriptCaches (24ms)
			SetupLoadedEditorAssemblies (332ms)
				LogAssemblyErrors (0ms)
				InitializePlatformSupportModulesInManaged (13ms)
				SetLoadedEditorAssemblies (0ms)
				RefreshPlugins (143ms)
				BeforeProcessingInitializeOnLoad (1ms)
				ProcessInitializeOnLoadAttributes (133ms)
				ProcessInitializeOnLoadMethodAttributes (41ms)
				AfterProcessingInitializeOnLoad (0ms)
				EditorAssembliesLoaded (0ms)
			ExecutionOrderSort2 (0ms)
			AwakeInstancesAfterBackupRestoration (0ms)
Platform modules already initialized, skipping
Registering precompiled user dll's ...
Registered in 0.005650 seconds.
Begin MonoManager ReloadAssembly
Symbol file LoadedFromMemory doesn't match image D:\Unity\Projects\Milk_Instancer01\Library\PackageCache\com.unity.visualscripting@1.7.6\Editor\VisualScripting.Core\Dependencies\YamlDotNet\Unity.VisualScripting.YamlDotNet.dll
Symbol file LoadedFromMemory doesn't match image D:\Unity\Projects\Milk_Instancer01\Library\PackageCache\com.unity.visualscripting@1.7.6\Editor\VisualScripting.Core\Dependencies\DotNetZip\Unity.VisualScripting.IonicZip.dll
Native extension for WindowsStandalone target not found
Refreshing native plugins compatible for Editor in 151.35 ms, found 3 plugins.
Preloading 0 native plugins for Editor in 0.00 ms.
Mono: successfully reloaded assembly
- Completed reload, in  2.067 seconds
Domain Reload Profiling:
	ReloadAssembly (2068ms)
		BeginReloadAssembly (99ms)
			ExecutionOrderSort (0ms)
			DisableScriptedObjects (5ms)
			BackupInstance (0ms)
			ReleaseScriptingObjects (0ms)
			CreateAndSetChildDomain (19ms)
		EndReloadAssembly (1866ms)
			LoadAssemblies (93ms)
			RebuildTransferFunctionScriptingTraits (0ms)
			SetupTypeCache (358ms)
			ReleaseScriptCaches (1ms)
			RebuildScriptCaches (115ms)
			SetupLoadedEditorAssemblies (1258ms)
				LogAssemblyErrors (0ms)
				InitializePlatformSupportModulesInManaged (10ms)
				SetLoadedEditorAssemblies (0ms)
				RefreshPlugins (151ms)
				BeforeProcessingInitializeOnLoad (121ms)
				ProcessInitializeOnLoadAttributes (849ms)
				ProcessInitializeOnLoadMethodAttributes (121ms)
				AfterProcessingInitializeOnLoad (4ms)
				EditorAssembliesLoaded (0ms)
			ExecutionOrderSort2 (0ms)
			AwakeInstancesAfterBackupRestoration (5ms)
Platform modules already initialized, skipping
========================================================================
Worker process is ready to serve import requests
Launched and connected shader compiler UnityShaderCompiler.exe after 0.06 seconds
Refreshing native plugins compatible for Editor in 2.01 ms, found 3 plugins.
Preloading 0 native plugins for Editor in 0.00 ms.
Unloading 7401 Unused Serialized files (Serialized files now loaded: 0)
Unloading 76 unused Assets / (4.3 MB). Loaded Objects now: 7858.
Memory consumption went from 357.4 MB to 353.1 MB.
Total: 8.520300 ms (FindLiveObjects: 1.025800 ms CreateObjectMapping: 1.237000 ms MarkObjects: 4.705600 ms  DeleteObjects: 1.550400 ms)

AssetImportParameters requested are different than current active one (requested -> active):
  custom:video-decoder-ogg-theora: a1e56fd34408186e4bbccfd4996cb3dc -> 
  custom:container-muxer-webm: aa71ff27fc2769a1b78a27578f13a17b -> 
  custom:container-demuxer-webm: 4f35f7cbe854078d1ac9338744f61a02 -> 
  custom:video-encoder-webm-vp8: eb34c28f22e8b96e1ab97ce403110664 -> 
  custom:video-codec-MediaFoundation-h265: 746d11721c4dcdbdad8f713fa42b33f4 -> 
  custom:audio-encoder-webm-vorbis: bf7c407c2cedff20999df2af8eb42d56 -> 
  custom:framework-win-MediaFoundation: 216162199b28c13a410421893ffa2e32 -> 
  custom:container-demuxer-ogg: 62fdf1f143b41e24485cea50d1cbac27 -> 
  custom:video-decoder-webm-vp8: 9c59270c3fd7afecdb556c50c9e8de78 -> 
  custom:audio-decoder-ogg-vorbis: bf7c407c2cedff20999df2af8eb42d56 -> 
========================================================================
Received Import Request.
  Time since last request: 341948.104364 seconds.
  path: Assets/Milk_Instancer01/Demo/Prefabs/Fern_01.prefab
  artifactKey: Guid(0a1b602fab799994198f1ac6c6a0d2de) Importer(815301076,1909f56bfc062723c751e8b465ee728b)
Start importing Assets/Milk_Instancer01/Demo/Prefabs/Fern_01.prefab using Guid(0a1b602fab799994198f1ac6c6a0d2de) Importer(815301076,1909f56bfc062723c751e8b465ee728b)  -> (artifact id: '99c535b4133ddfdb745a639d0ace94ef') in 0.967131 seconds 
========================================================================
Received Import Request.
  Time since last request: 28.655760 seconds.
  path: Assets/Milk_Instancer01/Demo/Prefabs/shader graph/grass_SG.mat
  artifactKey: Guid(6b38a793f9da7a840a50878248a410ef) Importer(815301076,1909f56bfc062723c751e8b465ee728b)
Start importing Assets/Milk_Instancer01/Demo/Prefabs/shader graph/grass_SG.mat using Guid(6b38a793f9da7a840a50878248a410ef) Importer(815301076,1909f56bfc062723c751e8b465ee728b)  -> (artifact id: '39f729ce19974011d7682ed57dff2e7a') in 0.354538 seconds 
========================================================================
Received Import Request.
  Time since last request: 53.678790 seconds.
  path: Assets/Milk_Instancer01/Demo/Scenes/NaturePostProcessing 1.asset
  artifactKey: Guid(940be91cac9e55f4faa42ce982c5590e) Importer(815301076,1909f56bfc062723c751e8b465ee728b)
Start importing Assets/Milk_Instancer01/Demo/Scenes/NaturePostProcessing 1.asset using Guid(940be91cac9e55f4faa42ce982c5590e) Importer(815301076,1909f56bfc062723c751e8b465ee728b)  -> (artifact id: '0936a3a4c6d92acc5e4887706e62c9d1') in 0.003961 seconds 
========================================================================
Received Import Request.
  Time since last request: 28.518705 seconds.
  path: Assets/Milk_Instancer01/Demo/Scenes/02_NatureDemo.unity
  artifactKey: Guid(462c6efcac35ded4eb5ce9ff5e57f121) Importer(815301076,1909f56bfc062723c751e8b465ee728b)
Start importing Assets/Milk_Instancer01/Demo/Scenes/02_NatureDemo.unity using Guid(462c6efcac35ded4eb5ce9ff5e57f121) Importer(815301076,1909f56bfc062723c751e8b465ee728b)  -> (artifact id: '4ca6335b204624bb55d7cd45ccffdbac') in 0.002228 seconds 
========================================================================
Received Import Request.
  Time since last request: 77.956124 seconds.
  path: Assets/Milk_Instancer01/Demo/Scenes/02_NatureDemo.unity
  artifactKey: Guid(462c6efcac35ded4eb5ce9ff5e57f121) Importer(815301076,1909f56bfc062723c751e8b465ee728b)
Start importing Assets/Milk_Instancer01/Demo/Scenes/02_NatureDemo.unity using Guid(462c6efcac35ded4eb5ce9ff5e57f121) Importer(815301076,1909f56bfc062723c751e8b465ee728b)  -> (artifact id: '766b8c629d9f99b4ca8b093524badca9') in 0.001666 seconds 
========================================================================
Received Import Request.
  Time since last request: 23.920691 seconds.
  path: Assets/Milk_Instancer01/Demo/Models/bookOfTheDeadTree/billboard007.mat
  artifactKey: Guid(7a0b2ee26b48b1048ba821ceb132f4ae) Importer(815301076,1909f56bfc062723c751e8b465ee728b)
Start importing Assets/Milk_Instancer01/Demo/Models/bookOfTheDeadTree/billboard007.mat using Guid(7a0b2ee26b48b1048ba821ceb132f4ae) Importer(815301076,1909f56bfc062723c751e8b465ee728b)  -> (artifact id: '975f8bb930d0241e49b8fe5e7c003deb') in 1.005125 seconds 
========================================================================
Received Import Request.
  Time since last request: 86.006173 seconds.
  path: Assets/Milk_Instancer01/Demo/Models/bookOfTheDeadGrass/Materials/Meadow_Grass_01.mat
  artifactKey: Guid(2022d5be69b5bf145b4605d7613cd115) Importer(815301076,1909f56bfc062723c751e8b465ee728b)
Start importing Assets/Milk_Instancer01/Demo/Models/bookOfTheDeadGrass/Materials/Meadow_Grass_01.mat using Guid(2022d5be69b5bf145b4605d7613cd115) Importer(815301076,1909f56bfc062723c751e8b465ee728b)  -> (artifact id: '9400d1bd35ecb0e40ac7b897a9ff68df') in 0.020577 seconds 
========================================================================
Received Import Request.
  Time since last request: 71.659230 seconds.
  path: Assets/Milk_Instancer01/Demo/Models/bookOfTheDeadGrass/Materials/Meadow_Grass_01.mat
  artifactKey: Guid(2022d5be69b5bf145b4605d7613cd115) Importer(815301076,1909f56bfc062723c751e8b465ee728b)
Start importing Assets/Milk_Instancer01/Demo/Models/bookOfTheDeadGrass/Materials/Meadow_Grass_01.mat using Guid(2022d5be69b5bf145b4605d7613cd115) Importer(815301076,1909f56bfc062723c751e8b465ee728b)  -> (artifact id: 'f9c3ac6acc3e01de2bba46e8b37876d5') in 0.020970 seconds 
========================================================================
Received Import Request.
  Time since last request: 187.211259 seconds.
  path: Assets/AmplifyShaderEditor/Examples
  artifactKey: Guid(425c3aed47dd05444960ca41af18e591) Importer(815301076,1909f56bfc062723c751e8b465ee728b)
Start importing Assets/AmplifyShaderEditor/Examples using Guid(425c3aed47dd05444960ca41af18e591) Importer(815301076,1909f56bfc062723c751e8b465ee728b)  -> (artifact id: '4e5000dd35aa9e25b2b3acc03654fea5') in 0.015636 seconds 
========================================================================
Received Import Request.
  Time since last request: 3.029668 seconds.
  path: Assets/AmplifyShaderEditor/Plugins
  artifactKey: Guid(3306ce0ede814a84c8d289893da72b7a) Importer(815301076,1909f56bfc062723c751e8b465ee728b)
Start importing Assets/AmplifyShaderEditor/Plugins using Guid(3306ce0ede814a84c8d289893da72b7a) Importer(815301076,1909f56bfc062723c751e8b465ee728b)  -> (artifact id: '4d49e33a4f80c0a5b8ea0193e6e0b08c') in 0.004398 seconds 
