Using pre-set license
Built from '2021.2/staging' branch; Version is '2021.2.1f1 (c20c6d589440) revision 12717165'; Using compiler version '192829333'; Build Type 'Release'
OS: 'Windows 10 Home; OS build 19043.1348; Version 2009; 64bit' Language: 'en' Physical Memory: 32686 MB
BatchMode: 1, IsHumanControllingUs: 0, StartBugReporterOnCrash: 0, Is64bit: 1, IsPro: 0

COMMAND LINE ARGUMENTS:
D:\Unity\Editors\2021.2.1f1\Editor\Unity.exe
-adb2
-batchMode
-noUpm
-name
AssetImportWorker2
-projectPath
D:/Unity/Projects/Milk_Instancer01
-logFile
Logs/AssetImportWorker2.log
-srvPort
57007
Successfully changed project path to: D:/Unity/Projects/Milk_Instancer01
D:/Unity/Projects/Milk_Instancer01
[UnityMemory] Configuration Parameters - Can be set up in boot.config
    "memorysetup-bucket-allocator-granularity=16"
    "memorysetup-bucket-allocator-bucket-count=8"
    "memorysetup-bucket-allocator-block-size=33554432"
    "memorysetup-bucket-allocator-block-count=8"
    "memorysetup-main-allocator-block-size=16777216"
    "memorysetup-thread-allocator-block-size=16777216"
    "memorysetup-gfx-main-allocator-block-size=16777216"
    "memorysetup-gfx-thread-allocator-block-size=16777216"
    "memorysetup-cache-allocator-block-size=4194304"
    "memorysetup-typetree-allocator-block-size=2097152"
    "memorysetup-profiler-bucket-allocator-granularity=16"
    "memorysetup-profiler-bucket-allocator-bucket-count=8"
    "memorysetup-profiler-bucket-allocator-block-size=33554432"
    "memorysetup-profiler-bucket-allocator-block-count=8"
    "memorysetup-profiler-allocator-block-size=16777216"
    "memorysetup-profiler-editor-allocator-block-size=1048576"
    "memorysetup-temp-allocator-size-main=16777216"
    "memorysetup-job-temp-allocator-block-size=2097152"
    "memorysetup-job-temp-allocator-block-size-background=1048576"
    "memorysetup-job-temp-allocator-reduction-small-platforms=262144"
    "memorysetup-temp-allocator-size-background-worker=32768"
    "memorysetup-temp-allocator-size-job-worker=262144"
    "memorysetup-temp-allocator-size-preload-manager=33554432"
    "memorysetup-temp-allocator-size-nav-mesh-worker=65536"
    "memorysetup-temp-allocator-size-audio-worker=65536"
    "memorysetup-temp-allocator-size-cloud-worker=32768"
    "memorysetup-temp-allocator-size-gi-baking-worker=262144"
    "memorysetup-temp-allocator-size-gfx=262144"
Refreshing native plugins compatible for Editor in 177.83 ms, found 3 plugins.
Preloading 0 native plugins for Editor in 0.00 ms.
Initialize engine version: 2021.2.1f1 (c20c6d589440)
[Subsystems] Discovering subsystems at path D:/Unity/Editors/2021.2.1f1/Editor/Data/Resources/UnitySubsystems
[Subsystems] Discovering subsystems at path D:/Unity/Projects/Milk_Instancer01/Assets
GfxDevice: creating device client; threaded=0; jobified=0
Direct3D:
    Version:  Direct3D 11.0 [level 11.1]
    Renderer: NVIDIA GeForce RTX 2080 SUPER (ID=0x1e81)
    Vendor:   NVIDIA
    VRAM:     8010 MB
    Driver:   30.0.14.9613
Initialize mono
Mono path[0] = 'D:/Unity/Editors/2021.2.1f1/Editor/Data/Managed'
Mono path[1] = 'D:/Unity/Editors/2021.2.1f1/Editor/Data/MonoBleedingEdge/lib/mono/unityjit-win32'
Mono config path = 'D:/Unity/Editors/2021.2.1f1/Editor/Data/MonoBleedingEdge/etc'
Using monoOptions --debugger-agent=transport=dt_socket,embedding=1,server=y,suspend=n,address=127.0.0.1:56096
Begin MonoManager ReloadAssembly
Registering precompiled unity dll's ...
Register platform support module: D:/Unity/Editors/2021.2.1f1/Editor/Data/PlaybackEngines/WindowsStandaloneSupport/UnityEditor.WindowsStandalone.Extensions.dll
Registered in 0.003249 seconds.
Native extension for WindowsStandalone target not found
Refreshing native plugins compatible for Editor in 176.54 ms, found 3 plugins.
Preloading 0 native plugins for Editor in 0.00 ms.
Mono: successfully reloaded assembly
- Completed reload, in  0.873 seconds
Domain Reload Profiling:
	ReloadAssembly (873ms)
		BeginReloadAssembly (63ms)
			ExecutionOrderSort (0ms)
			DisableScriptedObjects (0ms)
			BackupInstance (0ms)
			ReleaseScriptingObjects (0ms)
			CreateAndSetChildDomain (1ms)
		EndReloadAssembly (597ms)
			LoadAssemblies (62ms)
			RebuildTransferFunctionScriptingTraits (0ms)
			SetupTypeCache (124ms)
			ReleaseScriptCaches (0ms)
			RebuildScriptCaches (26ms)
			SetupLoadedEditorAssemblies (396ms)
				LogAssemblyErrors (0ms)
				InitializePlatformSupportModulesInManaged (6ms)
				SetLoadedEditorAssemblies (0ms)
				RefreshPlugins (177ms)
				BeforeProcessingInitializeOnLoad (1ms)
				ProcessInitializeOnLoadAttributes (159ms)
				ProcessInitializeOnLoadMethodAttributes (53ms)
				AfterProcessingInitializeOnLoad (0ms)
				EditorAssembliesLoaded (0ms)
			ExecutionOrderSort2 (0ms)
			AwakeInstancesAfterBackupRestoration (0ms)
Platform modules already initialized, skipping
Registering precompiled user dll's ...
Registered in 0.004699 seconds.
Begin MonoManager ReloadAssembly
Symbol file LoadedFromMemory doesn't match image D:\Unity\Projects\Milk_Instancer01\Library\PackageCache\com.unity.visualscripting@1.7.2\Editor\VisualScripting.Core\Dependencies\YamlDotNet\Unity.VisualScripting.YamlDotNet.dll
Symbol file LoadedFromMemory doesn't match image D:\Unity\Projects\Milk_Instancer01\Library\PackageCache\com.unity.visualscripting@1.7.2\Editor\VisualScripting.Core\Dependencies\DotNetZip\Unity.VisualScripting.IonicZip.dll
Native extension for WindowsStandalone target not found
Refreshing native plugins compatible for Editor in 158.34 ms, found 3 plugins.
Preloading 0 native plugins for Editor in 0.00 ms.
Mono: successfully reloaded assembly
- Completed reload, in  7.853 seconds
Domain Reload Profiling:
	ReloadAssembly (7854ms)
		BeginReloadAssembly (164ms)
			ExecutionOrderSort (0ms)
			DisableScriptedObjects (5ms)
			BackupInstance (0ms)
			ReleaseScriptingObjects (0ms)
			CreateAndSetChildDomain (21ms)
		EndReloadAssembly (7542ms)
			LoadAssemblies (3615ms)
			RebuildTransferFunctionScriptingTraits (0ms)
			SetupTypeCache (647ms)
			ReleaseScriptCaches (1ms)
			RebuildScriptCaches (105ms)
			SetupLoadedEditorAssemblies (3078ms)
				LogAssemblyErrors (0ms)
				InitializePlatformSupportModulesInManaged (13ms)
				SetLoadedEditorAssemblies (0ms)
				RefreshPlugins (158ms)
				BeforeProcessingInitializeOnLoad (124ms)
				ProcessInitializeOnLoadAttributes (1269ms)
				ProcessInitializeOnLoadMethodAttributes (1510ms)
				AfterProcessingInitializeOnLoad (3ms)
				EditorAssembliesLoaded (0ms)
			ExecutionOrderSort2 (0ms)
			AwakeInstancesAfterBackupRestoration (5ms)
Platform modules already initialized, skipping
========================================================================
Worker process is ready to serve import requests
Launched and connected shader compiler UnityShaderCompiler.exe after 0.10 seconds
Refreshing native plugins compatible for Editor in 1.31 ms, found 3 plugins.
Preloading 0 native plugins for Editor in 0.00 ms.
Unloading 7329 Unused Serialized files (Serialized files now loaded: 0)
Unloading 77 unused Assets / (4.4 MB). Loaded Objects now: 7768.
Memory consumption went from 362.5 MB to 358.1 MB.
Total: 8.578200 ms (FindLiveObjects: 3.108500 ms CreateObjectMapping: 0.989100 ms MarkObjects: 3.328200 ms  DeleteObjects: 1.151200 ms)

AssetImportParameters requested are different than current active one (requested -> active):
  custom:video-decoder-ogg-theora: a1e56fd34408186e4bbccfd4996cb3dc -> 
  custom:container-muxer-webm: aa71ff27fc2769a1b78a27578f13a17b -> 
  custom:container-demuxer-webm: 4f35f7cbe854078d1ac9338744f61a02 -> 
  custom:video-encoder-webm-vp8: eb34c28f22e8b96e1ab97ce403110664 -> 
  custom:video-codec-MediaFoundation-h265: 746d11721c4dcdbdad8f713fa42b33f4 -> 
  custom:audio-encoder-webm-vorbis: bf7c407c2cedff20999df2af8eb42d56 -> 
  custom:framework-win-MediaFoundation: 216162199b28c13a410421893ffa2e32 -> 
  custom:container-demuxer-ogg: 62fdf1f143b41e24485cea50d1cbac27 -> 
  custom:video-decoder-webm-vp8: 9c59270c3fd7afecdb556c50c9e8de78 -> 
  custom:audio-decoder-ogg-vorbis: bf7c407c2cedff20999df2af8eb42d56 -> 
========================================================================
Received Import Request.
  Time since last request: 616.967670 seconds.
  path: Assets/Grass (3)/GrassColor.png
  artifactKey: Guid(640578fb094457d4783927fbf3d7f929) Importer(815301076,1909f56bfc062723c751e8b465ee728b)
Start importing Assets/Grass (3)/GrassColor.png using Guid(640578fb094457d4783927fbf3d7f929) Importer(815301076,1909f56bfc062723c751e8b465ee728b)  -> (artifact id: '4182bef333a7e0585521486dea66d157') in 0.123137 seconds 
========================================================================
Received Import Request.
  Time since last request: 0.000030 seconds.
  path: Assets/Grass (3)/GrassColorStraight.png
  artifactKey: Guid(18ce82710784bb3498ce0bd7c4c3f6de) Importer(815301076,1909f56bfc062723c751e8b465ee728b)
Start importing Assets/Grass (3)/GrassColorStraight.png using Guid(18ce82710784bb3498ce0bd7c4c3f6de) Importer(815301076,1909f56bfc062723c751e8b465ee728b)  -> (artifact id: '64cf3447af3fc755fe42c0fc3a685e7b') in 0.017453 seconds 
========================================================================
Received Import Request.
  Time since last request: 0.000025 seconds.
  path: Assets/Grass (3)/Grass.blend
  artifactKey: Guid(e20ecec4e8b18a44aa7282ea26341db3) Importer(815301076,1909f56bfc062723c751e8b465ee728b)
Start importing Assets/Grass (3)/Grass.blend using Guid(e20ecec4e8b18a44aa7282ea26341db3) Importer(815301076,1909f56bfc062723c751e8b465ee728b)  -> (artifact id: 'e734b576805fbc8da31a4a45fc5ab86c') in 1.348445 seconds 
========================================================================
Received Import Request.
  Time since last request: 193.204128 seconds.
  path: Assets/Grass (3)/Grass.blend1
  artifactKey: Guid(a45c800f645d37b488d4622a8bc66171) Importer(815301076,1909f56bfc062723c751e8b465ee728b)
Start importing Assets/Grass (3)/Grass.blend1 using Guid(a45c800f645d37b488d4622a8bc66171) Importer(815301076,1909f56bfc062723c751e8b465ee728b)  -> (artifact id: '3c8b65df4c722248abc560040ea9cb78') in 0.007974 seconds 
========================================================================
Received Import Request.
  Time since last request: 60.249610 seconds.
  path: Assets/Grass (3)/Grass.fbx
  artifactKey: Guid(c274bf45b1589674182939d00e620849) Importer(815301076,1909f56bfc062723c751e8b465ee728b)
Start importing Assets/Grass (3)/Grass.fbx using Guid(c274bf45b1589674182939d00e620849) Importer(815301076,1909f56bfc062723c751e8b465ee728b)  -> (artifact id: '2a6a57015f4aa35e1284adc133a770b3') in 0.100328 seconds 
========================================================================
Received Import Request.
  Time since last request: 175.308597 seconds.
  path: Assets/Grass (3)/Turf.prefab
  artifactKey: Guid(add2787f4a09cf84d9160a2f67bb984d) Importer(815301076,1909f56bfc062723c751e8b465ee728b)
Start importing Assets/Grass (3)/Turf.prefab using Guid(add2787f4a09cf84d9160a2f67bb984d) Importer(815301076,1909f56bfc062723c751e8b465ee728b)  -> (artifact id: '41cba10927252eb500f173f4dc8426a7') in 0.045894 seconds 
========================================================================
Received Import Request.
  Time since last request: 23.888763 seconds.
  path: Assets/Milk_Instancer01/Scenes/test.unity
  artifactKey: Guid(d497337854d4bf9498078d1fc7614543) Importer(815301076,1909f56bfc062723c751e8b465ee728b)
Start importing Assets/Milk_Instancer01/Scenes/test.unity using Guid(d497337854d4bf9498078d1fc7614543) Importer(815301076,1909f56bfc062723c751e8b465ee728b)  -> (artifact id: '219fcf1bc2b77765042ef725452b765a') in 0.022614 seconds 
========================================================================
Received Import Request.
  Time since last request: 21.489821 seconds.
  path: Assets/Grass (3)/Turf.prefab
  artifactKey: Guid(add2787f4a09cf84d9160a2f67bb984d) Importer(815301076,1909f56bfc062723c751e8b465ee728b)
Start importing Assets/Grass (3)/Turf.prefab using Guid(add2787f4a09cf84d9160a2f67bb984d) Importer(815301076,1909f56bfc062723c751e8b465ee728b)  -> (artifact id: '18c981e95b0da4f1daeebbb096b4303c') in 0.041516 seconds 
========================================================================
Received Prepare
Registering precompiled user dll's ...
Registered in 0.003964 seconds.
Begin MonoManager ReloadAssembly
Symbol file LoadedFromMemory doesn't match image D:\Unity\Projects\Milk_Instancer01\Library\PackageCache\com.unity.visualscripting@1.7.2\Editor\VisualScripting.Core\Dependencies\YamlDotNet\Unity.VisualScripting.YamlDotNet.dll
Symbol file LoadedFromMemory doesn't match image D:\Unity\Projects\Milk_Instancer01\Library\PackageCache\com.unity.visualscripting@1.7.2\Editor\VisualScripting.Core\Dependencies\DotNetZip\Unity.VisualScripting.IonicZip.dll
Native extension for WindowsStandalone target not found
Refreshing native plugins compatible for Editor in 1.19 ms, found 3 plugins.
Preloading 0 native plugins for Editor in 0.00 ms.
Mono: successfully reloaded assembly
- Completed reload, in  1.776 seconds
Domain Reload Profiling:
	ReloadAssembly (1777ms)
		BeginReloadAssembly (230ms)
			ExecutionOrderSort (0ms)
			DisableScriptedObjects (31ms)
			BackupInstance (0ms)
			ReleaseScriptingObjects (0ms)
			CreateAndSetChildDomain (55ms)
		EndReloadAssembly (1472ms)
			LoadAssemblies (72ms)
			RebuildTransferFunctionScriptingTraits (0ms)
			SetupTypeCache (306ms)
			ReleaseScriptCaches (3ms)
			RebuildScriptCaches (80ms)
			SetupLoadedEditorAssemblies (740ms)
				LogAssemblyErrors (0ms)
				InitializePlatformSupportModulesInManaged (9ms)
				SetLoadedEditorAssemblies (0ms)
				RefreshPlugins (1ms)
				BeforeProcessingInitializeOnLoad (87ms)
				ProcessInitializeOnLoadAttributes (604ms)
				ProcessInitializeOnLoadMethodAttributes (35ms)
				AfterProcessingInitializeOnLoad (3ms)
				EditorAssembliesLoaded (0ms)
			ExecutionOrderSort2 (0ms)
			AwakeInstancesAfterBackupRestoration (17ms)
Platform modules already initialized, skipping
Refreshing native plugins compatible for Editor in 1.51 ms, found 3 plugins.
Preloading 0 native plugins for Editor in 0.00 ms.
Unloading 6814 Unused Serialized files (Serialized files now loaded: 0)
Unloading 58 unused Assets / (4.4 MB). Loaded Objects now: 7980.
Memory consumption went from 352.6 MB to 348.3 MB.
Total: 6.347900 ms (FindLiveObjects: 0.659000 ms CreateObjectMapping: 0.818500 ms MarkObjects: 3.824200 ms  DeleteObjects: 1.044800 ms)

AssetImportParameters requested are different than current active one (requested -> active):
  custom:video-decoder-ogg-theora: a1e56fd34408186e4bbccfd4996cb3dc -> 
  custom:container-muxer-webm: aa71ff27fc2769a1b78a27578f13a17b -> 
  custom:container-demuxer-webm: 4f35f7cbe854078d1ac9338744f61a02 -> 
  custom:video-encoder-webm-vp8: eb34c28f22e8b96e1ab97ce403110664 -> 
  custom:video-codec-MediaFoundation-h265: 746d11721c4dcdbdad8f713fa42b33f4 -> 
  custom:audio-encoder-webm-vorbis: bf7c407c2cedff20999df2af8eb42d56 -> 
  custom:framework-win-MediaFoundation: 216162199b28c13a410421893ffa2e32 -> 
  custom:container-demuxer-ogg: 62fdf1f143b41e24485cea50d1cbac27 -> 
  custom:video-decoder-webm-vp8: 9c59270c3fd7afecdb556c50c9e8de78 -> 
  custom:audio-decoder-ogg-vorbis: bf7c407c2cedff20999df2af8eb42d56 -> 
