Base path: 'D:/Unity/Editors/2021.3.1f1/Editor/Data', plugins path 'D:/Unity/Editors/2021.3.1f1/Editor/Data/PlaybackEngines'
Cmd: initializeCompiler

Cmd: compileComputeKernel
  insize=17647 file=Packages/com.unity.render-pipelines.high-definition/Runtime/Lighting/VolumetricLighting/VolumeVoxelization.compute kernel=VolumeVoxelizationBruteforce cachingPP=1 ppOnly=0 stripLineD=0 buildPlatform=19 km=<VolumeVoxelization=VolumeVoxelizationBruteforce>,<LIGHTLOOP_DISABLE_TILE_AND_CLUSTER=1>,<UNITY_VERSION=202131> pKW=UNITY_ENABLE_REFLECTION_BUFFERS UNITY_USE_DITHER_MASK_FOR_ALPHABLENDED_SHADOWS UNITY_PBS_USE_BRDF1 UNITY_SPECCUBE_BOX_PROJECTION UNITY_SPECCUBE_BLENDING UNITY_ENABLE_DETAIL_NORMALMAP SHADER_API_DESKTOP UNITY_LIGHT_PROBE_PROXY_VOLUME UNITY_LIGHTMAP_FULL_HDR uKW=SHADER_STAGE_COMPUTE platform=d3d11 flags=0 reqs=16385 forceDXC=0 forceFXC=0 ok=1 outsize=7625

Cmd: compileComputeKernel
  insize=6343 file=Packages/com.unity.render-pipelines.high-definition/Runtime/RenderPipeline/RenderPass/GenerateMaxZ.compute kernel=DilateMask cachingPP=1 ppOnly=0 stripLineD=0 buildPlatform=19 km=<DILATE_MASK=1>,<UNITY_VERSION=202131> pKW=UNITY_ENABLE_REFLECTION_BUFFERS UNITY_USE_DITHER_MASK_FOR_ALPHABLENDED_SHADOWS UNITY_PBS_USE_BRDF1 UNITY_SPECCUBE_BOX_PROJECTION UNITY_SPECCUBE_BLENDING UNITY_ENABLE_DETAIL_NORMALMAP SHADER_API_DESKTOP UNITY_LIGHT_PROBE_PROXY_VOLUME UNITY_LIGHTMAP_FULL_HDR uKW=SHADER_STAGE_COMPUTE platform=d3d11 flags=0 reqs=16385 forceDXC=0 forceFXC=0 ok=1 outsize=994

Cmd: compileSnippet
  insize=33665 file=Assets/Milk_Instancer01/Shaders/Milk_Instancer/Grass pass=GBuffer cachingPP=1 ppOnly=0 stripLineD=0 buildPlatform=19 rsLen=0 pKW=UNITY_ENABLE_REFLECTION_BUFFERS UNITY_USE_DITHER_MASK_FOR_ALPHABLENDED_SHADOWS UNITY_PBS_USE_BRDF1 UNITY_SPECCUBE_BOX_PROJECTION UNITY_SPECCUBE_BLENDING UNITY_ENABLE_DETAIL_NORMALMAP SHADER_API_DESKTOP UNITY_LIGHT_PROBE_PROXY_VOLUME UNITY_LIGHTMAP_FULL_HDR uKW=DECALS_4RT LIGHT_LAYERS PROCEDURAL_INSTANCING_ON _DOUBLESIDED_ON _ALPHATEST_ON dKW=_SURFACE_TYPE_TRANSPARENT DEBUG_DISPLAY LIGHTMAP_ON DIRLIGHTMAP_COMBINED DYNAMICLIGHTMAP_ON SHADOWS_SHADOWMASK DECALS_OFF DECALS_3RT INSTANCING_ON _BLENDMODE_ALPHA _BLENDMODE_ADD _BLENDMODE_PRE_MULTIPLY _ENABLE_FOG_ON_TRANSPARENT UNITY_NO_DXT5nm UNITY_FRAMEBUFFER_FETCH_AVAILABLE UNITY_ENABLE_NATIVE_SHADOW_LOOKUPS UNITY_METAL_SHADOWS_USE_POINT_FILTERING UNITY_NO_SCREENSPACE_SHADOWS UNITY_PBS_USE_BRDF2 UNITY_PBS_USE_BRDF3 UNITY_NO_FULL_STANDARD_SHADER UNITY_HARDWARE_TIER1 UNITY_HARDWARE_TIER2 UNITY_HARDWARE_TIER3 UNITY_COLORSPACE_GAMMA UNITY_HALF_PRECISION_FRAGMENT_SHADER_REGISTERS UNITY_LIGHTMAP_DLDR_ENCODING UNITY_LIGHTMAP_RGBM_ENCODING UNITY_VIRTUAL_TEXTURING UNITY_PRETRANSFORM_TO_DISPLAY_ORIENTATION UNITY_ASTC_NORMALMAP_ENCODING SHADER_API_GLES30 UNITY_UNIFIED_SHADER_PRECISION_MODEL flags=0 lang=3 type=Vertex platform=d3d11 reqs=1101803 mask=6 start=293  error: 1 plat 25 at Assets/Milk_Instancer01/Shaders/logic/setup.hlsl(13): 'unity_ObjectToWorld': macro redefinition. Previous definition found at D:/Unity/Projects/Milk_Instancer01/Library/PackageCache/com.unity.render-pipelines.high-definition@12.1.6/Runtime/ShaderLibrary/ShaderVariables.hlsl:464.
  error: 1 plat 25 at Assets/Milk_Instancer01/Shaders/logic/setup.hlsl(14): 'unity_WorldToObject': macro redefinition. Previous definition found at D:/Unity/Projects/Milk_Instancer01/Library/PackageCache/com.unity.render-pipelines.high-definition@12.1.6/Runtime/ShaderLibrary/ShaderVariables.hlsl:465.
 ok=1 outsize=6506

Cmd: compileComputeKernel
  insize=10696 file=Assets/Milk_Instancer01/Shaders/logic/02_CullingCS.compute kernel=CSMain cachingPP=1 ppOnly=0 stripLineD=0 buildPlatform=19 km=<UNITY_VERSION=202131> pKW=UNITY_ENABLE_REFLECTION_BUFFERS UNITY_USE_DITHER_MASK_FOR_ALPHABLENDED_SHADOWS UNITY_PBS_USE_BRDF1 UNITY_SPECCUBE_BOX_PROJECTION UNITY_SPECCUBE_BLENDING UNITY_ENABLE_DETAIL_NORMALMAP SHADER_API_DESKTOP UNITY_LIGHT_PROBE_PROXY_VOLUME UNITY_LIGHTMAP_FULL_HDR uKW=SHADER_STAGE_COMPUTE platform=vulkan flags=4096 reqs=16385 forceDXC=0 forceFXC=0 ok=1 outsize=41012

Cmd: compileComputeKernel
  insize=10717 file=Assets/Milk_Instancer01/Shaders/logic/02_CullingCS.compute kernel=CSMain cachingPP=1 ppOnly=0 stripLineD=0 buildPlatform=19 km=<UNITY_VERSION=202131> pKW=UNITY_ENABLE_REFLECTION_BUFFERS UNITY_USE_DITHER_MASK_FOR_ALPHABLENDED_SHADOWS UNITY_PBS_USE_BRDF1 UNITY_SPECCUBE_BOX_PROJECTION UNITY_SPECCUBE_BLENDING UNITY_ENABLE_DETAIL_NORMALMAP SHADER_API_DESKTOP UNITY_LIGHT_PROBE_PROXY_VOLUME UNITY_LIGHTMAP_FULL_HDR uKW=SHADER_STAGE_COMPUTE platform=vulkan flags=4096 reqs=16385 forceDXC=0 forceFXC=0 ok=1 outsize=40974

Cmd: compileComputeKernel
  insize=10738 file=Assets/Milk_Instancer01/Shaders/logic/02_CullingCS.compute kernel=CSMain cachingPP=1 ppOnly=0 stripLineD=0 buildPlatform=19 km=<UNITY_VERSION=202131> pKW=UNITY_ENABLE_REFLECTION_BUFFERS UNITY_USE_DITHER_MASK_FOR_ALPHABLENDED_SHADOWS UNITY_PBS_USE_BRDF1 UNITY_SPECCUBE_BOX_PROJECTION UNITY_SPECCUBE_BLENDING UNITY_ENABLE_DETAIL_NORMALMAP SHADER_API_DESKTOP UNITY_LIGHT_PROBE_PROXY_VOLUME UNITY_LIGHTMAP_FULL_HDR uKW=SHADER_STAGE_COMPUTE platform=vulkan flags=4096 reqs=16385 forceDXC=0 forceFXC=0  error: 2 plat 18 at 02_CullingCS.compute(250): undeclared identifier '_perTypeLod1Range'
 ok=0 outsize=0

Cmd: compileComputeKernel
  insize=10737 file=Assets/Milk_Instancer01/Shaders/logic/02_CullingCS.compute kernel=CSMain cachingPP=1 ppOnly=0 stripLineD=0 buildPlatform=19 km=<UNITY_VERSION=202131> pKW=UNITY_ENABLE_REFLECTION_BUFFERS UNITY_USE_DITHER_MASK_FOR_ALPHABLENDED_SHADOWS UNITY_PBS_USE_BRDF1 UNITY_SPECCUBE_BOX_PROJECTION UNITY_SPECCUBE_BLENDING UNITY_ENABLE_DETAIL_NORMALMAP SHADER_API_DESKTOP UNITY_LIGHT_PROBE_PROXY_VOLUME UNITY_LIGHTMAP_FULL_HDR uKW=SHADER_STAGE_COMPUTE platform=d3d11 flags=0 reqs=16385 forceDXC=0 forceFXC=0 ok=1 outsize=9376

Cmd: shutdown
